<?xml version="1.0" encoding="UTF-8"?>
<testsuite xmlns:xsi="http://www.w3.org/2001/XMLSchema-instance" xsi:noNamespaceSchemaLocation="https://maven.apache.org/surefire/maven-surefire-plugin/xsd/surefire-test-report-3.0.xsd" version="3.0" name="com.intellibank.JpaSchemaValidationTest" time="5.491" tests="1" errors="0" skipped="0" failures="0">
  <properties>
[...]
</properties>
  <testcase name="testEntityPersistenceAndRelationships" classname="com.intellibank.JpaSchemaValidationTest" time="0.458">
    <system-out><![CDATA[2026-09-03T14:28:43.269+05:30  INFO 19964 --- [intellibank] [           main] t.c.s.AnnotationConfigContextLoaderUtils : Could not detect default configuration classes for test class [com.intellibank.JpaSchemaValidationTest]: JpaSchemaValidationTest does not declare any static, non-private, non-final, nested classes annotated with @Configuration.
2026-09-03T14:28:43.303+05:30  INFO 19964 --- [intellibank] [           main] .b.t.c.SpringBootTestContextBootstrapper : Found @SpringBootConfiguration com.intellibank.IntelliBankApplication for test class com.intellibank.JpaSchemaValidationTest

  .   ____          _            __ _ _
 /\\ / ___'_ __ _ _(_)_ __  __ _ \ \ \ \
( ( )\___ | '_ | '_| | '_ \/ _` | \ \ \ \
 \\/  ___)| |_)| | | | | || (_| |  ) ) ) )
  '  |____| .__|_| |_|_| |_\__, | / / / /
 =========|_|==============|___/=/_/_/_/
 :: Spring Boot ::                (v3.2.5)

2026-09-03T14:28:43.458+05:30  INFO 19964 --- [intellibank] [           main] c.intellibank.JpaSchemaValidationTest    : Starting JpaSchemaValidationTest using Java 17.0.12 with PID 19964 (started by it.amit in C:\IntelliBank)
2026-09-03T14:28:43.458+05:30  INFO 19964 --- [intellibank] [           main] c.intellibank.JpaSchemaValidationTest    : The following 1 profile is active: "test"
2026-09-03T14:28:43.781+05:30  INFO 19964 --- [intellibank] [           main] .s.d.r.c.RepositoryConfigurationDelegate : Bootstrapping Spring Data JPA repositories in DEFAULT mode.
2026-09-03T14:28:43.885+05:30  INFO 19964 --- [intellibank] [           main] .s.d.r.c.RepositoryConfigurationDelegate : Finished Spring Data repository scanning in 88 ms. Found 5 JPA repository interfaces.
2026-09-03T14:28:43.982+05:30  INFO 19964 --- [intellibank] [           main] beddedDataSourceBeanFactoryPostProcessor : Replacing 'dataSource' DataSource bean with embedded version
2026-09-03T14:28:44.104+05:30  INFO 19964 --- [intellibank] [           main] o.s.j.d.e.EmbeddedDatabaseFactory        : Starting embedded database: url='jdbc:h2:mem:905c315a-7811-442f-8cd0-2cf261d9aa9c;DB_CLOSE_DELAY=-1;DB_CLOSE_ON_EXIT=false', username='sa'
2026-09-03T14:28:44.614+05:30  INFO 19964 --- [intellibank] [           main] o.hibernate.jpa.internal.util.LogHelper  : HHH000204: Processing PersistenceUnitInfo [name: default]
2026-09-03T14:28:44.803+05:30  INFO 19964 --- [intellibank] [           main] org.hibernate.Version                    : HHH000412: Hibernate ORM core version 6.4.4.Final
2026-09-03T14:28:44.902+05:30  INFO 19964 --- [intellibank] [           main] o.h.c.internal.RegionFactoryInitiator    : HHH000026: Second-level cache disabled
2026-09-03T14:28:45.044+05:30  INFO 19964 --- [intellibank] [           main] o.s.o.j.p.SpringPersistenceUnitInfo      : No LoadTimeWeaver setup: ignoring JPA class transformer
2026-09-03T14:28:46.361+05:30  INFO 19964 --- [intellibank] [           main] o.h.e.t.j.p.i.JtaPlatformInitiator       : HHH000489: No JTA platform available (set 'hibernate.transaction.jta.platform' to enable JTA platform integration)
Hibernate: 
    drop table if exists bank_accounts cascade 
Hibernate: 
    drop table if exists customers cascade 
Hibernate: 
    drop table if exists roles cascade 
Hibernate: 
    drop table if exists transactions cascade 
Hibernate: 
    drop table if exists user_roles cascade 
Hibernate: 
    drop table if exists users cascade 
Hibernate: 
    create table bank_accounts (
        balance numeric(15,2) not null,
        created_at timestamp(6) not null,
        customer_id bigint not null,
        id bigint generated by default as identity,
        account_number varchar(20) not null unique,
        account_type varchar(20) not null check (account_type in ('SAVINGS','CURRENT')),
        status varchar(20) not null check (status in ('PENDING','ACTIVE','BLOCKED','CLOSED')),
        primary key (id)
    )
Hibernate: 
    create table customers (
        created_at timestamp(6) not null,
        id bigint generated by default as identity,
        user_id bigint not null unique,
        first_name varchar(255) not null,
        last_name varchar(255) not null,
        phone_number varchar(255),
        primary key (id)
    )
Hibernate: 
    create table roles (
        id bigint generated by default as identity,
        name varchar(20) not null unique check (name in ('CUSTOMER','EMPLOYEE','ADMIN')),
        primary key (id)
    )
Hibernate: 
    create table transactions (
        amount numeric(15,2) not null,
        created_at timestamp(6) not null,
        id bigint generated by default as identity,
        source_account_id bigint,
        target_account_id bigint,
        status varchar(20) not null check (status in ('SUCCESS','FAILED')),
        transaction_type varchar(20) not null check (transaction_type in ('DEPOSIT','WITHDRAWAL','TRANSFER')),
        transaction_reference varchar(36) not null unique,
        description varchar(255),
        primary key (id)
    )
Hibernate: 
    create table user_roles (
        role_id bigint not null,
        user_id bigint not null,
        primary key (role_id, user_id)
    )
Hibernate: 
    create table users (
        enabled boolean not null,
        created_at timestamp(6) not null,
        id bigint generated by default as identity,
        password varchar(255) not null,
        username varchar(255) not null unique,
        primary key (id)
    )
Hibernate: 
    alter table if exists bank_accounts 
       add constraint FKp50dmd8rost9bdqfvosjihkv7 
       foreign key (customer_id) 
       references customers
Hibernate: 
    alter table if exists customers 
       add constraint FKrh1g1a20omjmn6kurd35o3eit 
       foreign key (user_id) 
       references users
Hibernate: 
    alter table if exists transactions 
       add constraint FK6qwhn8icuip4ftxvd3pq67dvg 
       foreign key (source_account_id) 
       references bank_accounts
Hibernate: 
    alter table if exists transactions 
       add constraint FK6bcpltp7u3k0jbavrqonqa2j3 
       foreign key (target_account_id) 
       references bank_accounts
Hibernate: 
    alter table if exists user_roles 
       add constraint FKh8ciramu9cc9q3qcqiv4ue8a6 
       foreign key (role_id) 
       references roles
Hibernate: 
    alter table if exists user_roles 
       add constraint FKhfh9dx7w3ubf1co1vdev94g3f 
       foreign key (user_id) 
       references users
2026-09-03T14:28:46.462+05:30  INFO 19964 --- [intellibank] [           main] j.LocalContainerEntityManagerFactoryBean : Initialized JPA EntityManagerFactory for persistence unit 'default'
2026-09-03T14:28:47.076+05:30  INFO 19964 --- [intellibank] [           main] o.s.d.j.r.query.QueryEnhancerFactory     : Hibernate is in classpath; If applicable, HQL parser will be used.
2026-09-03T14:28:48.272+05:30  INFO 19964 --- [intellibank] [           main] c.intellibank.JpaSchemaValidationTest    : Started JpaSchemaValidationTest in 4.949 seconds (process running for 17.946)
Hibernate: 
    insert 
    into
        roles
        (name, id) 
    values
        (?, default)
Hibernate: 
    insert 
    into
        users
        (created_at, enabled, password, username, id) 
    values
        (?, ?, ?, ?, default)
Hibernate: 
    insert 
    into
        customers
        (created_at, first_name, last_name, phone_number, user_id, id) 
    values
        (?, ?, ?, ?, ?, default)
Hibernate: 
    insert 
    into
        bank_accounts
        (account_number, account_type, balance, created_at, customer_id, status, id) 
    values
        (?, ?, ?, ?, ?, ?, default)
Hibernate: 
    select
        c1_0.id,
        c1_0.created_at,
        c1_0.first_name,
        c1_0.last_name,
        c1_0.phone_number,
        c1_0.user_id 
    from
        customers c1_0 
    join
        users u1_0 
            on u1_0.id=c1_0.user_id 
    where
        u1_0.id=?
Hibernate: 
    select
        ba1_0.id,
        ba1_0.account_number,
        ba1_0.account_type,
        ba1_0.balance,
        ba1_0.created_at,
        ba1_0.customer_id,
        ba1_0.status 
    from
        bank_accounts ba1_0 
    join
        customers c1_0 
            on c1_0.id=ba1_0.customer_id 
    where
        c1_0.id=?
Hibernate: 
    insert 
    into
        transactions
        (amount, created_at, description, source_account_id, status, target_account_id, transaction_reference, transaction_type, id) 
    values
        (?, ?, ?, ?, ?, ?, ?, ?, default)
]]></system-out>
  </testcase>
</testsuite>